<?xml version="1.0" encoding="UTF-8"?>
<!-- Generated by org.testng.reporters.JUnitXMLReporter -->
<testsuite ignored="4" hostname="DESKTOP-L39MVLS" failures="0" tests="3" name="Test" time="10.274" errors="0" timestamp="2022-07-25T23:44:52 WAT">
  <testcase classname="testcase.Login" name="login" time="1.265"/>
  <testcase classname="testcase.Directory" name="login" time="0.005"/>
  <testcase classname="testcase.Maintenance" name="Maintenance" time="0.004"/>
  <testcase classname="base.TestBase" name="@AfterTest tearDown" time="0.0">
    <ignored/>
  </testcase> <!-- @AfterTest tearDown -->
  <testcase classname="base.TestBase" name="@AfterTest tearDown" time="0.0">
    <ignored/>
  </testcase> <!-- @AfterTest tearDown -->
  <testcase classname="base.TestBase" name="@BeforeTest setUp" time="0.0">
    <ignored/>
  </testcase> <!-- @BeforeTest setUp -->
  <testcase classname="base.TestBase" name="@BeforeTest setUp" time="0.0">
    <ignored/>
  </testcase> <!-- @BeforeTest setUp -->
</testsuite> <!-- Test -->
