<?xml version="1.0" encoding="UTF-8"?>
<!-- Generated by org.testng.reporters.JUnitXMLReporter -->
<testsuite ignored="2" hostname="DESKTOP-L39MVLS" failures="0" tests="2" name="Test" time="17.451" errors="0" timestamp="2022-06-22T18:53:32 WAT">
  <testcase classname="testcase.Login" name="ANEDLogin" time="0.77"/>
  <testcase classname="testcase.LogOut" name="LogOutUser" time="10.21"/>
  <testcase classname="base.TestBase" name="@AfterTest tearDown" time="0.0">
    <ignored/>
  </testcase> <!-- @AfterTest tearDown -->
  <testcase classname="base.TestBase" name="@BeforeTest setUp" time="0.0">
    <ignored/>
  </testcase> <!-- @BeforeTest setUp -->
</testsuite> <!-- Test -->
