<?xml version="1.0" encoding="UTF-8"?>
<testng-results ignored="4" total="7" passed="3" failed="0" skipped="0">
  <reporter-output>
  </reporter-output>
  <suite started-at="2022-07-25T23:44:42 WAT" name="DemoSuite" finished-at="2022-07-25T23:44:52 WAT" duration-ms="10274">
    <groups>
    </groups>
    <test started-at="2022-07-25T23:44:42 WAT" name="Test" finished-at="2022-07-25T23:44:52 WAT" duration-ms="10274">
      <class name="testcase.Maintenance">
        <test-method signature="Maintenance()[pri:0, instance:testcase.Maintenance@3f6b0be5]" started-at="2022-07-25T23:44:51 WAT" name="Maintenance" finished-at="2022-07-25T23:44:51 WAT" duration-ms="4" status="PASS">
          <reporter-output>
          </reporter-output>
        </test-method> <!-- Maintenance -->
      </class> <!-- testcase.Maintenance -->
      <class name="testcase.Directory">
        <test-method signature="login()[pri:0, instance:testcase.Directory@3b6ddd1d]" started-at="2022-07-25T23:44:51 WAT" name="login" finished-at="2022-07-25T23:44:51 WAT" duration-ms="5" status="PASS">
          <reporter-output>
          </reporter-output>
        </test-method> <!-- login -->
      </class> <!-- testcase.Directory -->
      <class name="testcase.Login">
        <test-method is-config="true" signature="setUp()[pri:0, instance:testcase.Login@2b91004a]" started-at="2022-07-25T23:44:42 WAT" name="setUp" finished-at="2022-07-25T23:44:50 WAT" duration-ms="8365" status="PASS">
          <reporter-output>
          </reporter-output>
        </test-method> <!-- setUp -->
        <test-method signature="login()[pri:0, instance:testcase.Login@2b91004a]" started-at="2022-07-25T23:44:50 WAT" name="login" finished-at="2022-07-25T23:44:51 WAT" duration-ms="1265" status="PASS">
          <reporter-output>
          </reporter-output>
        </test-method> <!-- login -->
        <test-method is-config="true" signature="tearDown()[pri:0, instance:testcase.Login@2b91004a]" started-at="2022-07-25T23:44:51 WAT" name="tearDown" finished-at="2022-07-25T23:44:52 WAT" duration-ms="567" status="PASS">
          <reporter-output>
          </reporter-output>
        </test-method> <!-- tearDown -->
      </class> <!-- testcase.Login -->
    </test> <!-- Test -->
  </suite> <!-- DemoSuite -->
</testng-results>
